2016-03-15 20:25:53,544 INFO  [Log] **************************************************************************************** 
2016-03-15 20:25:53,545 INFO  [Log] **************************************************************************************** 
2016-03-15 20:25:53,545 INFO  [Log] $$$$$$$$$$$$$$$$$$$$$                 Framework started       $$$$$$$$$$$$$$$$$$$$$$$$$ 
2016-03-15 20:25:53,545 INFO  [Log] **************************************************************************************** 
2016-03-15 20:25:53,545 INFO  [Log] **************************************************************************************** 
2016-03-15 20:26:14,018 INFO  [Log] Clicked on Login Link 
2016-03-15 20:26:16,087 INFO  [Log] Cleared the TB 
2016-03-15 20:26:16,315 INFO  [Log] Entered UserMailID 
2016-03-15 20:26:16,518 INFO  [Log] Cleared the TB 
2016-03-15 20:26:16,725 INFO  [Log] Entered PWD 
2016-03-15 20:26:17,942 INFO  [Log] Verified the UN error message 
2016-03-15 20:26:23,047 INFO  [Log] Cleared the TB 
2016-03-15 20:26:23,261 INFO  [Log] Entered UserMailID 
2016-03-15 20:26:23,358 INFO  [Log] Cleared the TB 
2016-03-15 20:26:23,490 INFO  [Log] Entered PWD 
2016-03-15 20:26:54,737 INFO  [Log] error message couldnot be read 
2016-03-15 20:26:57,743 INFO  [Log] Running testTEJ_890  
2016-03-15 20:26:57,892 INFO  [Log] Error occured on clicking login link 
2016-03-15 20:27:05,889 INFO  [Log] Number of windows : 2 
2016-03-15 20:27:05,889 INFO  [Log] WindowHandle for new window : {56e6534c-7a93-4479-aac4-bc4b774c4a4b} 
2016-03-15 20:27:05,901 INFO  [Log] Clicked on Google sigin link 
2016-03-15 20:27:17,889 INFO  [Log] clicked on profile button 
2016-03-15 20:27:21,494 INFO  [Log] clicked on Logout button 
2016-03-15 20:27:21,498 INFO  [Log] Running testTEJ_956  
2016-03-15 20:27:23,748 INFO  [Log] Clicked on Login Link 
2016-03-15 20:27:28,732 INFO  [Log] Closed the login popup 
2016-03-15 20:27:28,820 INFO  [Log] Closed the login popup 
2016-03-15 20:27:28,900 INFO  [Log] Closed the login popup 
2016-03-15 20:27:28,969 INFO  [Log] Closed the login popup 
2016-03-15 20:27:29,175 INFO  [Log] Running testTEJ_1456  
2016-03-15 20:27:29,404 INFO  [Log] Error occured on clicking login link 
2016-03-15 20:27:29,639 INFO  [Log] Cleared the TB 
2016-03-15 20:27:29,911 INFO  [Log] Entered UserMailID 
2016-03-15 20:27:29,986 INFO  [Log] Cleared the TB 
2016-03-15 20:27:30,119 INFO  [Log] Entered PWD 
2016-03-15 20:27:46,276 INFO  [Log] Entered text in create folder text field 
2016-03-15 20:27:48,468 INFO  [Log] Clicked on create window button 
2016-03-15 20:27:48,520 INFO  [Log] number of elements: 15 
2016-03-15 20:27:48,543 INFO  [Log] Scrolled to the bottom of the page 
2016-03-15 20:27:51,197 INFO  [Log] Screenshot successfully taken 
2016-03-15 20:27:51,197 INFO  [Log] Screenshot captured for testTEJ_1456 failed step 
2016-03-15 20:27:51,199 INFO  [Log] Running testTEJ_1458  
2016-03-15 20:28:05,834 INFO  [Log] number of elements: 14 
2016-03-15 20:28:05,856 INFO  [Log] Scrolled to the bottom of the page 
2016-03-15 20:28:06,012 INFO  [Log] Found the Element 
2016-03-15 20:28:06,344 INFO  [Log] Screenshot successfully taken 
2016-03-15 20:28:06,344 INFO  [Log] Screenshot captured for testTEJ_1458 failed step 
2016-03-15 20:28:06,346 INFO  [Log] Running testTEJ_1460 
2016-03-15 20:28:14,015 INFO  [Log] Landed on All Files Page 
2016-03-15 20:28:16,018 INFO  [Log] Running testTEJ_1461 
2016-03-15 20:28:21,876 INFO  [Log] number of elements: 14 
2016-03-15 20:28:21,895 INFO  [Log] Scrolled to the bottom of the page 
2016-03-15 20:28:22,224 INFO  [Log] Found the Element 
2016-03-15 20:28:22,224 INFO  [Log] Rename is successful from more options 
2016-03-15 20:28:28,344 INFO  [Log] number of elements: 14 
2016-03-15 20:28:28,363 INFO  [Log] Scrolled to the bottom of the page 
2016-03-15 20:28:28,592 INFO  [Log] Found the Element 
2016-03-15 20:28:28,592 INFO  [Log] Rename is successful from right click 
2016-03-15 20:28:28,595 INFO  [Log] Running testTEJ_3168 
2016-03-15 20:28:32,131 INFO  [Log] Screenshot successfully taken 
2016-03-15 20:28:32,131 INFO  [Log] Screenshot captured for testTEJ_3168 failed step 
2016-03-15 20:28:32,133 INFO  [Log] Running testTEJ_3168_C 
2016-03-15 20:28:42,052 INFO  [Log] Running testTEJ_3168_B 
2016-03-15 20:28:44,533 INFO  [Log] Landed on All Files Page 
2016-03-15 20:28:48,003 INFO  [Log] Screenshot successfully taken 
2016-03-15 20:28:48,004 INFO  [Log] Screenshot captured for testTEJ_3168_B failed step 
2016-03-15 20:29:23,116 INFO  [Log] Error occured on clicking login link 
2016-03-15 20:29:53,470 INFO  [Log] Screenshot successfully taken 
2016-03-15 20:29:53,470 INFO  [Log] Screenshot captured for testTej_956 failed step 
2016-03-15 20:29:53,471 INFO  [Log] Running testTEJ_1374 
2016-03-15 20:30:05,077 INFO  [Log] Screenshot successfully taken 
2016-03-15 20:30:05,077 INFO  [Log] Screenshot captured for testTEJ_1374 failed step 
2016-03-15 20:30:05,079 INFO  [Log] Running testTEJ_1078 
2016-03-15 20:30:09,351 INFO  [Log] 25.5 KB 
2016-03-15 20:30:09,436 INFO  [Log] 98.5 KB 
2016-03-15 20:30:09,526 INFO  [Log] 146.0 KB 
2016-03-15 20:30:09,611 INFO  [Log] 548.1 KB 
2016-03-15 20:30:09,698 INFO  [Log] 759.6 KB 
2016-03-15 20:30:09,785 INFO  [Log] 3.7 MB 
2016-03-15 20:30:09,868 INFO  [Log] 3.9 MB 
2016-03-15 20:30:09,943 INFO  [Log] 4.6 MB 
2016-03-15 20:30:10,024 INFO  [Log] 8.0 MB 
2016-03-15 20:30:10,112 INFO  [Log] 25.0 MB 
2016-03-15 20:30:12,459 INFO  [Log] 25.0 MB 
2016-03-15 20:30:12,558 INFO  [Log] 8.0 MB 
2016-03-15 20:30:12,654 INFO  [Log] 4.6 MB 
2016-03-15 20:30:12,751 INFO  [Log] 3.9 MB 
2016-03-15 20:30:12,845 INFO  [Log] 3.7 MB 
2016-03-15 20:30:12,941 INFO  [Log] 759.6 KB 
2016-03-15 20:30:13,035 INFO  [Log] 548.1 KB 
2016-03-15 20:30:13,127 INFO  [Log] 146.0 KB 
2016-03-15 20:30:13,229 INFO  [Log] 98.5 KB 
2016-03-15 20:30:13,319 INFO  [Log] 25.5 KB 
2016-03-15 20:30:13,710 INFO  [Log] Screenshot successfully taken 
2016-03-15 20:30:13,710 INFO  [Log] Screenshot captured for testTEJ_1078 failed step 
2016-03-15 20:30:13,712 INFO  [Log] Running testTEJ_3156 
2016-03-15 20:30:16,227 INFO  [Log] XXXXXXXXXXXXXXXXXXXXXXX             -E---N---D-             XXXXXXXXXXXXXXXXXXXXXX 
2016-03-15 20:30:16,227 INFO  [Log] X 
2016-03-15 20:30:16,227 INFO  [Log] X 
2016-03-15 20:30:16,228 INFO  [Log] X 
2016-03-15 20:30:16,228 INFO  [Log] X 
2016-03-16 12:10:48,646 INFO  [Log] **************************************************************************************** 
2016-03-16 12:10:48,648 INFO  [Log] **************************************************************************************** 
2016-03-16 12:10:48,648 INFO  [Log] $$$$$$$$$$$$$$$$$$$$$                 Framework started       $$$$$$$$$$$$$$$$$$$$$$$$$ 
2016-03-16 12:10:48,648 INFO  [Log] **************************************************************************************** 
2016-03-16 12:10:48,649 INFO  [Log] **************************************************************************************** 
2016-03-16 12:12:45,968 INFO  [Log] **************************************************************************************** 
2016-03-16 12:12:45,970 INFO  [Log] **************************************************************************************** 
2016-03-16 12:12:45,970 INFO  [Log] $$$$$$$$$$$$$$$$$$$$$                 Framework started       $$$$$$$$$$$$$$$$$$$$$$$$$ 
2016-03-16 12:12:45,971 INFO  [Log] **************************************************************************************** 
2016-03-16 12:12:45,971 INFO  [Log] **************************************************************************************** 
2016-03-16 12:13:18,336 INFO  [Log] Clicked on Login Link 
2016-03-16 12:13:20,449 INFO  [Log] Cleared the TB 
2016-03-16 12:13:20,797 INFO  [Log] Entered UserMailID 
2016-03-16 12:13:21,111 INFO  [Log] Cleared the TB 
2016-03-16 12:13:21,346 INFO  [Log] Entered PWD 
2016-03-16 12:13:22,753 INFO  [Log] Verified the UN error message 
2016-03-16 12:13:27,937 INFO  [Log] Cleared the TB 
2016-03-16 12:13:28,320 INFO  [Log] Entered UserMailID 
2016-03-16 12:13:28,482 INFO  [Log] Cleared the TB 
2016-03-16 12:13:28,714 INFO  [Log] Entered PWD 
2016-03-16 12:14:00,212 INFO  [Log] error message couldnot be read 
2016-03-16 12:14:03,219 INFO  [Log] Running testTEJ_956  
2016-03-16 12:14:11,116 INFO  [Log] Closed the login popup 
2016-03-16 12:14:11,224 INFO  [Log] Closed the login popup 
2016-03-16 12:14:11,337 INFO  [Log] Closed the login popup 
2016-03-16 12:14:11,427 INFO  [Log] Closed the login popup 
2016-03-16 12:14:11,662 INFO  [Log] Running testTEJ_1456  
2016-03-16 12:14:13,840 INFO  [Log] Cleared the TB 
2016-03-16 12:14:14,108 INFO  [Log] Entered UserMailID 
2016-03-16 12:14:14,303 INFO  [Log] Cleared the TB 
2016-03-16 12:14:14,520 INFO  [Log] Entered PWD 
2016-03-16 12:14:36,363 INFO  [Log] Entered text in create folder text field 
2016-03-16 12:14:39,159 INFO  [Log] Clicked on create window button 
2016-03-16 12:14:39,339 INFO  [Log] number of elements: 10 
2016-03-16 12:14:39,497 INFO  [Log] Scrolled to the bottom of the page 
2016-03-16 12:14:40,421 INFO  [Log] Found the Element 
2016-03-16 12:14:49,829 INFO  [Log] Entered text in create folder text field 
2016-03-16 12:14:52,209 INFO  [Log] Clicked on create window button 
2016-03-16 12:14:52,887 INFO  [Log] number of elements: 11 
2016-03-16 12:14:53,085 INFO  [Log] Scrolled to the bottom of the page 
2016-03-16 12:14:53,562 INFO  [Log] Found the Element 
2016-03-16 12:14:53,570 INFO  [Log] Running testTEJ_1460 
2016-03-16 12:15:04,297 INFO  [Log] Landed on All Files Page 
2016-03-16 12:15:06,303 INFO  [Log] Running testTEJ_1461 
2016-03-16 12:15:14,617 INFO  [Log] number of elements: 12 
2016-03-16 12:15:14,652 INFO  [Log] Scrolled to the bottom of the page 
2016-03-16 12:15:14,878 INFO  [Log] Found the Element 
2016-03-16 12:15:14,878 INFO  [Log] Rename is successful from more options 
2016-03-16 12:15:21,873 INFO  [Log] number of elements: 12 
2016-03-16 12:15:21,910 INFO  [Log] Scrolled to the bottom of the page 
2016-03-16 12:15:22,166 INFO  [Log] Found the Element 
2016-03-16 12:15:22,166 INFO  [Log] Rename is successful from right click 
2016-03-16 12:15:22,172 INFO  [Log] Running testTEJ_1078 
2016-03-16 12:15:26,715 INFO  [Log] - 
2016-03-16 12:15:26,830 INFO  [Log] - 
2016-03-16 12:15:26,951 INFO  [Log] 25.5 KB 
2016-03-16 12:15:27,101 INFO  [Log] 98.5 KB 
2016-03-16 12:15:27,295 INFO  [Log] 146.0 KB 
2016-03-16 12:15:27,443 INFO  [Log] 548.1 KB 
2016-03-16 12:15:27,598 INFO  [Log] 759.6 KB 
2016-03-16 12:15:27,742 INFO  [Log] 3.7 MB 
2016-03-16 12:15:27,883 INFO  [Log] 3.9 MB 
2016-03-16 12:15:28,026 INFO  [Log] 4.6 MB 
2016-03-16 12:15:28,170 INFO  [Log] 8.0 MB 
2016-03-16 12:15:28,312 INFO  [Log] 25.0 MB 
2016-03-16 12:15:30,919 INFO  [Log] - 
2016-03-16 12:15:31,013 INFO  [Log] - 
2016-03-16 12:15:31,123 INFO  [Log] 25.0 MB 
2016-03-16 12:15:31,367 INFO  [Log] 8.0 MB 
2016-03-16 12:15:31,584 INFO  [Log] 4.6 MB 
2016-03-16 12:15:31,854 INFO  [Log] 3.9 MB 
2016-03-16 12:15:32,054 INFO  [Log] 3.7 MB 
2016-03-16 12:15:32,396 INFO  [Log] 759.6 KB 
2016-03-16 12:15:32,619 INFO  [Log] 548.1 KB 
2016-03-16 12:15:32,798 INFO  [Log] 146.0 KB 
2016-03-16 12:15:32,985 INFO  [Log] 98.5 KB 
2016-03-16 12:15:33,170 INFO  [Log] 25.5 KB 
2016-03-16 12:15:34,127 INFO  [Log] Screenshot successfully taken 
2016-03-16 12:15:34,127 INFO  [Log] Screenshot captured for testTEJ_1078 failed step 
2016-03-16 12:15:34,138 INFO  [Log] Running testTEJ_1374 
2016-03-16 12:15:39,053 INFO  [Log] Landed on All Files Page 
2016-03-16 12:15:52,909 INFO  [Log] Running testTEJ_3156 
2016-03-16 12:15:56,697 INFO  [Log] Running testTEJ_1458  
2016-03-16 12:16:12,753 INFO  [Log] number of elements: 10 
2016-03-16 12:16:12,786 INFO  [Log] Scrolled to the bottom of the page 
2016-03-16 12:16:13,041 INFO  [Log] Found the Element 
2016-03-16 12:16:13,046 INFO  [Log] Running testTEJ_3168 
2016-03-16 12:16:19,903 INFO  [Log] Running testTEJ_3168_C 
2016-03-16 12:16:22,217 INFO  [Log] Running testTEJ_3168_B 
2016-03-16 12:16:24,888 INFO  [Log] Landed on All Files Page 
2016-03-16 12:16:40,807 INFO  [Log] number of elements: 20 
2016-03-16 12:16:40,836 INFO  [Log] Scrolled to the bottom of the page 
2016-03-16 12:16:44,418 INFO  [Log] Found the Element 
2016-03-16 12:16:44,460 INFO  [Log] Running testTEJ_890  
2016-03-16 12:17:14,539 INFO  [Log] Error occured on clicking login link 
2016-03-16 12:18:24,677 INFO  [Log] Error occured on clicking login link 
2016-03-16 12:18:55,486 INFO  [Log] Screenshot successfully taken 
2016-03-16 12:18:55,487 INFO  [Log] Screenshot captured for testTej_956 failed step 
2016-03-16 12:18:55,617 INFO  [Log] XXXXXXXXXXXXXXXXXXXXXXX             -E---N---D-             XXXXXXXXXXXXXXXXXXXXXX 
2016-03-16 12:18:55,617 INFO  [Log] X 
2016-03-16 12:18:55,617 INFO  [Log] X 
2016-03-16 12:18:55,617 INFO  [Log] X 
2016-03-16 12:18:55,617 INFO  [Log] X 
2016-03-16 12:26:04,968 INFO  [Log] **************************************************************************************** 
2016-03-16 12:26:04,970 INFO  [Log] **************************************************************************************** 
2016-03-16 12:26:04,971 INFO  [Log] $$$$$$$$$$$$$$$$$$$$$                 Framework started       $$$$$$$$$$$$$$$$$$$$$$$$$ 
2016-03-16 12:26:04,971 INFO  [Log] **************************************************************************************** 
2016-03-16 12:26:04,971 INFO  [Log] **************************************************************************************** 
2016-03-16 12:26:36,788 INFO  [Log] Clicked on Login Link 
2016-03-16 12:26:38,952 INFO  [Log] Cleared the TB 
2016-03-16 12:26:39,353 INFO  [Log] Entered UserMailID 
2016-03-16 12:26:39,661 INFO  [Log] Cleared the TB 
2016-03-16 12:26:40,007 INFO  [Log] Entered PWD 
2016-03-16 12:26:41,508 INFO  [Log] Verified the UN error message 
2016-03-16 12:26:46,742 INFO  [Log] Cleared the TB 
2016-03-16 12:26:47,156 INFO  [Log] Entered UserMailID 
2016-03-16 12:26:47,347 INFO  [Log] Cleared the TB 
2016-03-16 12:26:47,574 INFO  [Log] Entered PWD 
2016-03-16 12:27:19,141 INFO  [Log] error message couldnot be read 
2016-03-16 12:27:22,150 INFO  [Log] Running testTEJ_956  
2016-03-16 12:27:30,222 INFO  [Log] Closed the login popup 
2016-03-16 12:27:30,339 INFO  [Log] Closed the login popup 
2016-03-16 12:27:30,442 INFO  [Log] Closed the login popup 
2016-03-16 12:27:30,546 INFO  [Log] Closed the login popup 
2016-03-16 12:27:30,854 INFO  [Log] Running testTEJ_1456  
2016-03-16 12:27:33,047 INFO  [Log] Cleared the TB 
2016-03-16 12:27:33,382 INFO  [Log] Entered UserMailID 
2016-03-16 12:27:33,596 INFO  [Log] Cleared the TB 
2016-03-16 12:27:33,869 INFO  [Log] Entered PWD 
2016-03-16 12:28:00,383 INFO  [Log] Entered text in create folder text field 
2016-03-16 12:28:03,224 INFO  [Log] Clicked on create window button 
2016-03-16 12:28:03,545 INFO  [Log] number of elements: 24 
2016-03-16 12:28:03,614 INFO  [Log] Scrolled to the bottom of the page 
2016-03-16 12:28:11,142 INFO  [Log] Found the Element 
2016-03-16 12:28:22,199 INFO  [Log] Entered text in create folder text field 
2016-03-16 12:28:24,712 INFO  [Log] Clicked on create window button 
2016-03-16 12:28:25,687 INFO  [Log] number of elements: 25 
2016-03-16 12:28:26,038 INFO  [Log] Scrolled to the bottom of the page 
2016-03-16 12:28:29,254 INFO  [Log] Found the Element 
2016-03-16 12:28:29,262 INFO  [Log] Running testTEJ_1460 
2016-03-16 12:28:40,000 INFO  [Log] Landed on All Files Page 
2016-03-16 12:28:42,010 INFO  [Log] Running testTEJ_1461 
2016-03-16 12:28:51,066 INFO  [Log] number of elements: 24 
2016-03-16 12:28:51,104 INFO  [Log] Scrolled to the bottom of the page 
2016-03-16 12:28:51,824 INFO  [Log] Found the Element 
2016-03-16 12:28:51,825 INFO  [Log] Rename is successful from more options 
2016-03-16 12:28:59,577 INFO  [Log] number of elements: 24 
2016-03-16 12:28:59,613 INFO  [Log] Scrolled to the bottom of the page 
2016-03-16 12:29:00,153 INFO  [Log] Found the Element 
2016-03-16 12:29:00,153 INFO  [Log] Rename is successful from right click 
2016-03-16 12:29:00,164 INFO  [Log] Running testTEJ_1078 
2016-03-16 12:29:04,992 INFO  [Log] - 
2016-03-16 12:29:05,130 INFO  [Log] - 
2016-03-16 12:29:05,263 INFO  [Log] - 
2016-03-16 12:29:05,399 INFO  [Log] - 
2016-03-16 12:29:05,535 INFO  [Log] - 
2016-03-16 12:29:05,656 INFO  [Log] - 
2016-03-16 12:29:05,772 INFO  [Log] - 
2016-03-16 12:29:05,892 INFO  [Log] - 
2016-03-16 12:29:06,007 INFO  [Log] - 
2016-03-16 12:29:06,178 INFO  [Log] - 
2016-03-16 12:29:06,341 INFO  [Log] - 
2016-03-16 12:29:06,475 INFO  [Log] - 
2016-03-16 12:29:06,632 INFO  [Log] - 
2016-03-16 12:29:06,763 INFO  [Log] - 
2016-03-16 12:29:06,891 INFO  [Log] - 
2016-03-16 12:29:07,012 INFO  [Log] - 
2016-03-16 12:29:07,136 INFO  [Log] - 
2016-03-16 12:29:07,247 INFO  [Log] - 
2016-03-16 12:29:07,361 INFO  [Log] - 
2016-03-16 12:29:07,482 INFO  [Log] 146.0 KB 
2016-03-16 12:29:07,786 INFO  [Log] 548.1 KB 
2016-03-16 12:29:08,096 INFO  [Log] 759.6 KB 
2016-03-16 12:29:08,395 INFO  [Log] 8.0 MB 
2016-03-16 12:29:08,655 INFO  [Log] 25.0 MB 
2016-03-16 12:29:11,899 INFO  [Log] - 
2016-03-16 12:29:12,033 INFO  [Log] - 
2016-03-16 12:29:12,175 INFO  [Log] - 
2016-03-16 12:29:12,292 INFO  [Log] - 
2016-03-16 12:29:12,406 INFO  [Log] - 
2016-03-16 12:29:12,523 INFO  [Log] - 
2016-03-16 12:29:12,638 INFO  [Log] - 
2016-03-16 12:29:12,750 INFO  [Log] - 
2016-03-16 12:29:12,879 INFO  [Log] - 
2016-03-16 12:29:12,993 INFO  [Log] - 
2016-03-16 12:29:13,100 INFO  [Log] - 
2016-03-16 12:29:13,225 INFO  [Log] - 
2016-03-16 12:29:13,339 INFO  [Log] - 
2016-03-16 12:29:13,527 INFO  [Log] - 
2016-03-16 12:29:13,675 INFO  [Log] - 
2016-03-16 12:29:13,824 INFO  [Log] - 
2016-03-16 12:29:13,948 INFO  [Log] - 
2016-03-16 12:29:14,064 INFO  [Log] - 
2016-03-16 12:29:14,178 INFO  [Log] - 
2016-03-16 12:29:14,287 INFO  [Log] 25.0 MB 
2016-03-16 12:29:14,445 INFO  [Log] 8.0 MB 
2016-03-16 12:29:14,618 INFO  [Log] 759.6 KB 
2016-03-16 12:29:14,785 INFO  [Log] 548.1 KB 
2016-03-16 12:29:14,961 INFO  [Log] 146.0 KB 
2016-03-16 12:29:15,079 INFO  [Log] Running testTEJ_1374 
2016-03-16 12:29:20,308 INFO  [Log] Landed on All Files Page 
2016-03-16 12:29:45,379 INFO  [Log] Screenshot successfully taken 
2016-03-16 12:29:45,379 INFO  [Log] Screenshot captured for testTEJ_1374 failed step 
2016-03-16 12:29:45,385 INFO  [Log] Running testTEJ_3156 
2016-03-16 12:29:49,186 INFO  [Log] Running testTEJ_1458  
2016-03-16 12:30:06,585 INFO  [Log] number of elements: 22 
2016-03-16 12:30:06,631 INFO  [Log] Scrolled to the bottom of the page 
2016-03-16 12:30:07,169 INFO  [Log] Found the Element 
2016-03-16 12:30:07,740 INFO  [Log] Screenshot successfully taken 
2016-03-16 12:30:07,740 INFO  [Log] Screenshot captured for testTEJ_1458 failed step 
2016-03-16 12:30:07,747 INFO  [Log] Running testTEJ_3168 
2016-03-16 12:30:37,196 INFO  [Log] number of elements: 4 
2016-03-16 12:30:37,271 INFO  [Log] Scrolled to the bottom of the page 
2016-03-16 12:30:38,487 INFO  [Log] Found the Element 
2016-03-16 12:30:38,533 INFO  [Log] number of elements: 4 
2016-03-16 12:30:38,563 INFO  [Log] Scrolled to the bottom of the page 
2016-03-16 12:30:40,658 INFO  [Log] Screenshot successfully taken 
2016-03-16 12:30:40,659 INFO  [Log] Screenshot captured for testTEJ_3168 failed step 
2016-03-16 12:30:40,662 INFO  [Log] Running testTEJ_3168_C 
2016-03-16 12:30:50,203 INFO  [Log] Landed on All Files Page 
2016-03-16 12:31:38,383 INFO  [Log] Landed on All Files Page 
2016-03-16 12:31:38,851 INFO  [Log] number of elements: 24 
2016-03-16 12:31:38,887 INFO  [Log] Scrolled to the bottom of the page 
2016-03-16 12:31:46,966 INFO  [Log] Found the Element 
2016-03-16 12:31:47,251 INFO  [Log] number of elements: 24 
2016-03-16 12:31:47,276 INFO  [Log] Scrolled to the bottom of the page 
2016-03-16 12:31:53,984 INFO  [Log] Found the Element 
2016-03-16 12:31:54,120 INFO  [Log] number of elements: 24 
2016-03-16 12:31:54,311 INFO  [Log] Scrolled to the bottom of the page 
2016-03-16 12:31:59,663 INFO  [Log] Found the Element 
2016-03-16 12:31:59,670 INFO  [Log] Running testTEJ_3168_B 
2016-03-16 12:32:03,298 INFO  [Log] Landed on All Files Page 
2016-03-16 12:32:24,226 INFO  [Log] number of elements: 1 
2016-03-16 12:32:24,264 INFO  [Log] Scrolled to the bottom of the page 
2016-03-16 12:32:24,500 INFO  [Log] Found the Element 
2016-03-16 12:32:42,977 INFO  [Log] number of elements: 1 
2016-03-16 12:32:43,014 INFO  [Log] Scrolled to the bottom of the page 
2016-03-16 12:32:43,244 INFO  [Log] Found the Element 
2016-03-16 12:32:43,765 INFO  [Log] Screenshot successfully taken 
2016-03-16 12:32:43,765 INFO  [Log] Screenshot captured for testTEJ_3168_B failed step 
2016-03-16 12:32:43,769 INFO  [Log] Running testTEJ_890  
2016-03-16 12:33:13,815 INFO  [Log] Error occured on clicking login link 
2016-03-16 12:34:24,032 INFO  [Log] Error occured on clicking login link 
2016-03-16 12:34:54,667 INFO  [Log] Screenshot successfully taken 
2016-03-16 12:34:54,667 INFO  [Log] Screenshot captured for testTej_956 failed step 
2016-03-16 12:34:54,789 INFO  [Log] XXXXXXXXXXXXXXXXXXXXXXX             -E---N---D-             XXXXXXXXXXXXXXXXXXXXXX 
2016-03-16 12:34:54,789 INFO  [Log] X 
2016-03-16 12:34:54,789 INFO  [Log] X 
2016-03-16 12:34:54,789 INFO  [Log] X 
2016-03-16 12:34:54,789 INFO  [Log] X 
2016-03-16 12:52:33,491 INFO  [Log] **************************************************************************************** 
2016-03-16 12:52:33,493 INFO  [Log] **************************************************************************************** 
2016-03-16 12:52:33,493 INFO  [Log] $$$$$$$$$$$$$$$$$$$$$                 Framework started       $$$$$$$$$$$$$$$$$$$$$$$$$ 
2016-03-16 12:52:33,493 INFO  [Log] **************************************************************************************** 
2016-03-16 12:52:33,494 INFO  [Log] **************************************************************************************** 
2016-03-16 12:53:06,383 INFO  [Log] Clicked on Login Link 
2016-03-16 12:53:08,520 INFO  [Log] Cleared the TB 
2016-03-16 12:53:08,965 INFO  [Log] Entered UserMailID 
2016-03-16 12:53:09,295 INFO  [Log] Cleared the TB 
2016-03-16 12:53:09,648 INFO  [Log] Entered PWD 
2016-03-16 12:53:11,187 INFO  [Log] Verified the UN error message 
2016-03-16 12:53:16,406 INFO  [Log] Cleared the TB 
2016-03-16 12:53:16,889 INFO  [Log] Entered UserMailID 
2016-03-16 12:53:17,085 INFO  [Log] Cleared the TB 
2016-03-16 12:53:17,386 INFO  [Log] Entered PWD 
2016-03-16 12:53:48,912 INFO  [Log] error message couldnot be read 
2016-03-16 12:53:51,921 INFO  [Log] Running testTEJ_956  
2016-03-16 12:54:00,173 INFO  [Log] Closed the login popup 
2016-03-16 12:54:00,336 INFO  [Log] Closed the login popup 
2016-03-16 12:54:00,504 INFO  [Log] Closed the login popup 
2016-03-16 12:54:00,689 INFO  [Log] Closed the login popup 
2016-03-16 12:54:01,048 INFO  [Log] Running testTEJ_1456  
2016-03-16 12:54:03,254 INFO  [Log] Cleared the TB 
2016-03-16 12:54:03,595 INFO  [Log] Entered UserMailID 
2016-03-16 12:54:03,796 INFO  [Log] Cleared the TB 
2016-03-16 12:54:04,049 INFO  [Log] Entered PWD 
2016-03-16 12:54:29,971 INFO  [Log] Entered text in create folder text field 
2016-03-16 12:54:33,366 INFO  [Log] Clicked on create window button 
2016-03-16 12:54:34,191 INFO  [Log] number of elements: 25 
2016-03-16 12:54:34,234 INFO  [Log] Scrolled to the bottom of the page 
2016-03-16 12:54:42,062 INFO  [Log] Found the Element 
2016-03-16 12:54:52,055 INFO  [Log] Entered text in create folder text field 
2016-03-16 12:54:54,484 INFO  [Log] Clicked on create window button 
2016-03-16 12:54:54,593 INFO  [Log] number of elements: 25 
2016-03-16 12:54:55,409 INFO  [Log] Scrolled to the bottom of the page 
2016-03-16 12:54:59,030 INFO  [Log] Found the Element 
2016-03-16 12:54:59,038 INFO  [Log] Running testTEJ_1460 
2016-03-16 12:55:10,006 INFO  [Log] Landed on All Files Page 
2016-03-16 12:55:12,014 INFO  [Log] Running testTEJ_1461 
2016-03-16 12:55:21,412 INFO  [Log] number of elements: 26 
2016-03-16 12:55:21,448 INFO  [Log] Scrolled to the bottom of the page 
2016-03-16 12:55:25,528 INFO  [Log] Found the Element 
2016-03-16 12:55:25,528 INFO  [Log] Rename is successful from more options 
2016-03-16 12:55:33,574 INFO  [Log] number of elements: 26 
2016-03-16 12:55:33,610 INFO  [Log] Scrolled to the bottom of the page 
2016-03-16 12:55:36,999 INFO  [Log] Found the Element 
2016-03-16 12:55:37,000 INFO  [Log] Rename is successful from right click 
2016-03-16 12:55:37,006 INFO  [Log] Running testTEJ_1078 
2016-03-16 12:55:41,870 INFO  [Log] - 
2016-03-16 12:55:41,985 INFO  [Log] - 
2016-03-16 12:55:42,094 INFO  [Log] - 
2016-03-16 12:55:42,204 INFO  [Log] - 
2016-03-16 12:55:42,303 INFO  [Log] - 
2016-03-16 12:55:42,419 INFO  [Log] - 
2016-03-16 12:55:42,542 INFO  [Log] - 
2016-03-16 12:55:42,656 INFO  [Log] - 
2016-03-16 12:55:42,767 INFO  [Log] - 
2016-03-16 12:55:42,886 INFO  [Log] - 
2016-03-16 12:55:43,010 INFO  [Log] - 
2016-03-16 12:55:43,264 INFO  [Log] - 
2016-03-16 12:55:43,380 INFO  [Log] - 
2016-03-16 12:55:43,494 INFO  [Log] - 
2016-03-16 12:55:43,609 INFO  [Log] - 
2016-03-16 12:55:43,712 INFO  [Log] - 
2016-03-16 12:55:43,838 INFO  [Log] - 
2016-03-16 12:55:43,953 INFO  [Log] - 
2016-03-16 12:55:44,078 INFO  [Log] - 
2016-03-16 12:55:44,204 INFO  [Log] - 
2016-03-16 12:55:44,328 INFO  [Log] 146.0 KB 
2016-03-16 12:55:44,533 INFO  [Log] 548.1 KB 
2016-03-16 12:55:44,779 INFO  [Log] 759.6 KB 
2016-03-16 12:55:44,985 INFO  [Log] 3.9 MB 
2016-03-16 12:55:45,153 INFO  [Log] 8.0 MB 
2016-03-16 12:55:45,330 INFO  [Log] 25.0 MB 
2016-03-16 12:55:48,243 INFO  [Log] - 
2016-03-16 12:55:48,417 INFO  [Log] - 
2016-03-16 12:55:48,582 INFO  [Log] - 
2016-03-16 12:55:48,748 INFO  [Log] - 
2016-03-16 12:55:48,895 INFO  [Log] - 
2016-03-16 12:55:49,060 INFO  [Log] - 
2016-03-16 12:55:49,222 INFO  [Log] - 
2016-03-16 12:55:49,371 INFO  [Log] - 
2016-03-16 12:55:49,519 INFO  [Log] - 
2016-03-16 12:55:49,667 INFO  [Log] - 
2016-03-16 12:55:49,815 INFO  [Log] - 
2016-03-16 12:55:49,949 INFO  [Log] - 
2016-03-16 12:55:50,129 INFO  [Log] - 
2016-03-16 12:55:50,283 INFO  [Log] - 
2016-03-16 12:55:50,439 INFO  [Log] - 
2016-03-16 12:55:50,601 INFO  [Log] - 
2016-03-16 12:55:50,723 INFO  [Log] - 
2016-03-16 12:55:50,830 INFO  [Log] - 
2016-03-16 12:55:50,960 INFO  [Log] - 
2016-03-16 12:55:51,109 INFO  [Log] - 
2016-03-16 12:55:51,250 INFO  [Log] 25.0 MB 
2016-03-16 12:55:51,478 INFO  [Log] 8.0 MB 
2016-03-16 12:55:51,729 INFO  [Log] 3.9 MB 
2016-03-16 12:55:51,959 INFO  [Log] 759.6 KB 
2016-03-16 12:55:52,142 INFO  [Log] 548.1 KB 
2016-03-16 12:55:52,327 INFO  [Log] 146.0 KB 
2016-03-16 12:55:52,443 INFO  [Log] Running testTEJ_1374 
2016-03-16 12:55:57,103 INFO  [Log] Landed on All Files Page 
2016-03-16 12:56:39,174 INFO  [Log] Running testTEJ_3156 
2016-03-16 12:56:42,774 INFO  [Log] Running testTEJ_1458  
2016-03-16 12:57:01,183 INFO  [Log] number of elements: 24 
2016-03-16 12:57:01,261 INFO  [Log] Scrolled to the bottom of the page 
2016-03-16 12:57:04,623 INFO  [Log] Found the Element 
2016-03-16 12:57:04,632 INFO  [Log] Running testTEJ_3168 
2016-03-16 12:57:06,986 INFO  [Log] Landed on All Files Page 
2016-03-16 12:57:32,690 INFO  [Log] number of elements: 5 
2016-03-16 12:57:32,876 INFO  [Log] Scrolled to the bottom of the page 
2016-03-16 12:57:34,240 INFO  [Log] Found the Element 
2016-03-16 12:57:34,287 INFO  [Log] number of elements: 5 
2016-03-16 12:57:34,317 INFO  [Log] Scrolled to the bottom of the page 
2016-03-16 12:57:36,634 INFO  [Log] Screenshot successfully taken 
2016-03-16 12:57:36,634 INFO  [Log] Screenshot captured for testTEJ_3168 failed step 
2016-03-16 12:57:36,637 INFO  [Log] Running testTEJ_3168_C 
2016-03-16 12:57:47,940 INFO  [Log] Landed on All Files Page 
2016-03-16 12:58:34,717 INFO  [Log] Landed on All Files Page 
2016-03-16 12:58:36,728 INFO  [Log] number of elements: 24 
2016-03-16 12:58:36,917 INFO  [Log] Scrolled to the bottom of the page 
2016-03-16 12:58:38,251 INFO  [Log] Found the Element 
2016-03-16 12:58:38,371 INFO  [Log] number of elements: 24 
2016-03-16 12:58:38,590 INFO  [Log] Scrolled to the bottom of the page 
2016-03-16 12:58:39,906 INFO  [Log] Found the Element 
2016-03-16 12:58:40,111 INFO  [Log] number of elements: 24 
2016-03-16 12:58:40,399 INFO  [Log] Scrolled to the bottom of the page 
2016-03-16 12:58:41,914 INFO  [Log] Found the Element 
2016-03-16 12:58:41,921 INFO  [Log] Running testTEJ_3168_B 
2016-03-16 12:58:44,758 INFO  [Log] Landed on All Files Page 
2016-03-16 12:59:08,998 INFO  [Log] number of elements: 1 
2016-03-16 12:59:09,036 INFO  [Log] Scrolled to the bottom of the page 
2016-03-16 12:59:09,252 INFO  [Log] Found the Element 
2016-03-16 12:59:26,777 INFO  [Log] number of elements: 1 
2016-03-16 12:59:26,809 INFO  [Log] Scrolled to the bottom of the page 
2016-03-16 12:59:27,140 INFO  [Log] Found the Element 
2016-03-16 12:59:27,719 INFO  [Log] Screenshot successfully taken 
2016-03-16 12:59:27,720 INFO  [Log] Screenshot captured for testTEJ_3168_B failed step 
2016-03-16 12:59:27,723 INFO  [Log] Running testTEJ_890  
2016-03-16 12:59:57,785 INFO  [Log] Error occured on clicking login link 
2016-03-16 13:01:08,005 INFO  [Log] Error occured on clicking login link 
2016-03-16 13:01:38,710 INFO  [Log] Screenshot successfully taken 
2016-03-16 13:01:38,710 INFO  [Log] Screenshot captured for testTej_956 failed step 
2016-03-16 13:01:38,842 INFO  [Log] XXXXXXXXXXXXXXXXXXXXXXX             -E---N---D-             XXXXXXXXXXXXXXXXXXXXXX 
2016-03-16 13:01:38,842 INFO  [Log] X 
2016-03-16 13:01:38,842 INFO  [Log] X 
2016-03-16 13:01:38,842 INFO  [Log] X 
2016-03-16 13:01:38,842 INFO  [Log] X 
2016-03-16 13:08:48,579 INFO  [Log] **************************************************************************************** 
2016-03-16 13:08:48,581 INFO  [Log] **************************************************************************************** 
2016-03-16 13:08:48,582 INFO  [Log] $$$$$$$$$$$$$$$$$$$$$                 Framework started       $$$$$$$$$$$$$$$$$$$$$$$$$ 
2016-03-16 13:08:48,582 INFO  [Log] **************************************************************************************** 
2016-03-16 13:08:48,582 INFO  [Log] **************************************************************************************** 
2016-03-16 13:09:20,441 INFO  [Log] Running testTEJ_1456  
2016-03-16 13:09:53,254 INFO  [Log] Running testTEJ_3168 
2016-03-16 13:10:16,550 INFO  [Log] Exception occured while navigating to All Files Page 
2016-03-16 13:10:19,581 INFO  [Log] Running testTEJ_3168_C 
2016-03-16 13:10:20,635 INFO  [Log] Exception occured while navigating to All Files Page 
2016-03-16 13:10:25,659 INFO  [Log] Running testTEJ_3168_B 
2016-03-16 13:10:26,678 INFO  [Log] Exception occured while navigating to All Files Page 
2016-03-16 13:10:55,720 INFO  [Log] **************************************************************************************** 
2016-03-16 13:10:55,722 INFO  [Log] **************************************************************************************** 
2016-03-16 13:10:55,722 INFO  [Log] $$$$$$$$$$$$$$$$$$$$$                 Framework started       $$$$$$$$$$$$$$$$$$$$$$$$$ 
2016-03-16 13:10:55,723 INFO  [Log] **************************************************************************************** 
2016-03-16 13:10:55,723 INFO  [Log] **************************************************************************************** 
2016-03-16 13:11:28,566 INFO  [Log] Running testTEJ_1456  
2016-03-16 13:11:32,558 INFO  [Log] Clicked on Login Link 
2016-03-16 13:11:34,829 INFO  [Log] Cleared the TB 
2016-03-16 13:11:35,856 INFO  [Log] Entered UserMailID 
2016-03-16 13:11:36,051 INFO  [Log] Cleared the TB 
2016-03-16 13:11:36,385 INFO  [Log] Entered PWD 
2016-03-16 13:11:54,937 INFO  [Log] Running testTEJ_3168 
2016-03-16 13:11:57,917 INFO  [Log] Landed on All Files Page 
2016-03-16 13:12:30,632 INFO  [Log] number of elements: 22 
2016-03-16 13:12:30,742 INFO  [Log] Scrolled to the bottom of the page 
2016-03-16 13:13:06,313 INFO  [Log] Running testTEJ_3168_C 
2016-03-16 13:13:16,660 INFO  [Log] Landed on All Files Page 
2016-03-16 13:14:05,296 INFO  [Log] Landed on All Files Page 
2016-03-16 13:14:05,519 INFO  [Log] number of elements: 24 
2016-03-16 13:14:05,751 INFO  [Log] Scrolled to the bottom of the page 
2016-03-16 13:14:07,522 INFO  [Log] Found the Element 
2016-03-16 13:14:07,815 INFO  [Log] number of elements: 24 
2016-03-16 13:14:07,851 INFO  [Log] Scrolled to the bottom of the page 
2016-03-16 13:14:18,260 INFO  [Log] Screenshot successfully taken 
2016-03-16 13:14:18,261 INFO  [Log] Screenshot captured for testTEJ_3168_C failed step 
2016-03-16 13:14:18,264 INFO  [Log] Running testTEJ_3168_B 
2016-03-16 13:14:21,113 INFO  [Log] Landed on All Files Page 
2016-03-16 13:14:44,289 INFO  [Log] number of elements: 1 
2016-03-16 13:14:44,321 INFO  [Log] Scrolled to the bottom of the page 
2016-03-16 13:14:44,567 INFO  [Log] Found the Element 
2016-03-16 13:15:02,036 INFO  [Log] number of elements: 1 
2016-03-16 13:15:02,107 INFO  [Log] Scrolled to the bottom of the page 
2016-03-16 13:15:02,443 INFO  [Log] Found the Element 
2016-03-16 13:15:03,108 INFO  [Log] Screenshot successfully taken 
2016-03-16 13:15:03,108 INFO  [Log] Screenshot captured for testTEJ_3168_B failed step 
2016-03-16 13:15:03,209 INFO  [Log] XXXXXXXXXXXXXXXXXXXXXXX             -E---N---D-             XXXXXXXXXXXXXXXXXXXXXX 
2016-03-16 13:15:03,209 INFO  [Log] X 
2016-03-16 13:15:03,209 INFO  [Log] X 
2016-03-16 13:15:03,209 INFO  [Log] X 
2016-03-16 13:15:03,209 INFO  [Log] X 
2016-03-16 13:20:39,015 INFO  [Log] **************************************************************************************** 
2016-03-16 13:20:39,018 INFO  [Log] **************************************************************************************** 
2016-03-16 13:20:39,018 INFO  [Log] $$$$$$$$$$$$$$$$$$$$$                 Framework started       $$$$$$$$$$$$$$$$$$$$$$$$$ 
2016-03-16 13:20:39,018 INFO  [Log] **************************************************************************************** 
2016-03-16 13:20:39,018 INFO  [Log] **************************************************************************************** 
2016-03-16 13:21:12,014 INFO  [Log] Running testTEJ_1456  
2016-03-16 13:21:15,624 INFO  [Log] Clicked on Login Link 
2016-03-16 13:21:17,757 INFO  [Log] Cleared the TB 
2016-03-16 13:21:18,453 INFO  [Log] Entered UserMailID 
2016-03-16 13:21:18,597 INFO  [Log] Cleared the TB 
2016-03-16 13:21:18,889 INFO  [Log] Entered PWD 
2016-03-16 13:21:36,223 INFO  [Log] Running testTEJ_3168 
2016-03-16 13:21:39,464 INFO  [Log] Landed on All Files Page 
2016-03-16 13:22:16,751 INFO  [Log] number of elements: 3 
2016-03-16 13:22:16,792 INFO  [Log] Scrolled to the bottom of the page 
2016-03-16 13:22:18,188 INFO  [Log] Found the Element 
2016-03-16 13:22:18,230 INFO  [Log] number of elements: 3 
2016-03-16 13:22:18,472 INFO  [Log] Scrolled to the bottom of the page 
2016-03-16 13:22:19,464 INFO  [Log] Found the Element 
2016-03-16 13:22:19,474 INFO  [Log] Running testTEJ_3168_C 
2016-03-16 13:22:26,609 INFO  [Log] Landed on All Files Page 
2016-03-16 13:23:19,599 INFO  [Log] Landed on All Files Page 
2016-03-16 13:23:24,848 INFO  [Log] number of elements: 24 
2016-03-16 13:23:25,031 INFO  [Log] Scrolled to the bottom of the page 
2016-03-16 13:23:27,100 INFO  [Log] Found the Element 
2016-03-16 13:23:27,526 INFO  [Log] number of elements: 24 
2016-03-16 13:23:27,576 INFO  [Log] Scrolled to the bottom of the page 
2016-03-16 13:23:29,731 INFO  [Log] Found the Element 
2016-03-16 13:23:29,844 INFO  [Log] number of elements: 24 
2016-03-16 13:23:29,886 INFO  [Log] Scrolled to the bottom of the page 
2016-03-16 13:23:32,300 INFO  [Log] Found the Element 
2016-03-16 13:23:32,306 INFO  [Log] Running testTEJ_3168_B 
2016-03-16 13:23:35,067 INFO  [Log] Landed on All Files Page 
2016-03-16 13:23:57,799 INFO  [Log] number of elements: 1 
2016-03-16 13:23:57,836 INFO  [Log] Scrolled to the bottom of the page 
2016-03-16 13:23:58,073 INFO  [Log] Found the Element 
2016-03-16 13:24:02,345 INFO  [Log] number of elements: 1 
2016-03-16 13:24:02,391 INFO  [Log] Scrolled to the bottom of the page 
2016-03-16 13:24:02,618 INFO  [Log] Found the Element 
2016-03-16 13:24:08,120 INFO  [Log] clicked on profile button 
2016-03-16 13:24:11,954 INFO  [Log] clicked on Logout button 
2016-03-16 13:24:21,251 INFO  [Log] Screenshot successfully taken 
2016-03-16 13:24:21,251 INFO  [Log] Screenshot captured for testTEJ_3168_B failed step 
2016-03-16 13:24:21,462 INFO  [Log] XXXXXXXXXXXXXXXXXXXXXXX             -E---N---D-             XXXXXXXXXXXXXXXXXXXXXX 
2016-03-16 13:24:21,462 INFO  [Log] X 
2016-03-16 13:24:21,463 INFO  [Log] X 
2016-03-16 13:24:21,463 INFO  [Log] X 
2016-03-16 13:24:21,463 INFO  [Log] X 
2016-03-16 13:26:37,570 INFO  [Log] **************************************************************************************** 
2016-03-16 13:26:37,573 INFO  [Log] **************************************************************************************** 
2016-03-16 13:26:37,574 INFO  [Log] $$$$$$$$$$$$$$$$$$$$$                 Framework started       $$$$$$$$$$$$$$$$$$$$$$$$$ 
2016-03-16 13:26:37,574 INFO  [Log] **************************************************************************************** 
2016-03-16 13:26:37,574 INFO  [Log] **************************************************************************************** 
2016-03-16 13:27:11,179 INFO  [Log] Clicked on Login Link 
2016-03-16 13:27:13,554 INFO  [Log] Cleared the TB 
2016-03-16 13:27:13,983 INFO  [Log] Entered UserMailID 
2016-03-16 13:27:14,281 INFO  [Log] Cleared the TB 
2016-03-16 13:27:14,629 INFO  [Log] Entered PWD 
2016-03-16 13:27:16,150 INFO  [Log] Verified the UN error message 
2016-03-16 13:27:21,361 INFO  [Log] Cleared the TB 
2016-03-16 13:27:21,797 INFO  [Log] Entered UserMailID 
2016-03-16 13:27:21,991 INFO  [Log] Cleared the TB 
2016-03-16 13:27:22,268 INFO  [Log] Entered PWD 
2016-03-16 13:27:53,777 INFO  [Log] error message couldnot be read 
2016-03-16 13:27:56,782 INFO  [Log] Running testTEJ_956  
2016-03-16 13:28:05,178 INFO  [Log] Closed the login popup 
2016-03-16 13:28:05,270 INFO  [Log] Closed the login popup 
2016-03-16 13:28:05,376 INFO  [Log] Closed the login popup 
2016-03-16 13:28:05,491 INFO  [Log] Closed the login popup 
2016-03-16 13:28:05,811 INFO  [Log] Running testTEJ_1456  
2016-03-16 13:28:07,994 INFO  [Log] Cleared the TB 
2016-03-16 13:28:08,327 INFO  [Log] Entered UserMailID 
2016-03-16 13:28:08,540 INFO  [Log] Cleared the TB 
2016-03-16 13:28:08,815 INFO  [Log] Entered PWD 
2016-03-16 13:28:36,453 INFO  [Log] Entered text in create folder text field 
2016-03-16 13:28:39,305 INFO  [Log] Clicked on create window button 
2016-03-16 13:28:40,317 INFO  [Log] number of elements: 24 
2016-03-16 13:28:40,819 INFO  [Log] Scrolled to the bottom of the page 
2016-03-16 13:28:48,925 INFO  [Log] Found the Element 
2016-03-16 13:28:58,994 INFO  [Log] Entered text in create folder text field 
2016-03-16 13:29:01,527 INFO  [Log] Clicked on create window button 
2016-03-16 13:29:01,710 INFO  [Log] number of elements: 25 
2016-03-16 13:29:01,755 INFO  [Log] Scrolled to the bottom of the page 
2016-03-16 13:29:07,198 INFO  [Log] Found the Element 
2016-03-16 13:29:07,208 INFO  [Log] Running testTEJ_1460 
2016-03-16 13:29:17,801 INFO  [Log] Landed on All Files Page 
2016-03-16 13:29:19,808 INFO  [Log] Running testTEJ_1461 
2016-03-16 13:29:29,161 INFO  [Log] number of elements: 26 
2016-03-16 13:29:29,201 INFO  [Log] Scrolled to the bottom of the page 
2016-03-16 13:29:32,947 INFO  [Log] Found the Element 
2016-03-16 13:29:32,947 INFO  [Log] Rename is successful from more options 
2016-03-16 13:29:40,929 INFO  [Log] number of elements: 26 
2016-03-16 13:29:40,965 INFO  [Log] Scrolled to the bottom of the page 
2016-03-16 13:29:45,346 INFO  [Log] Found the Element 
2016-03-16 13:29:45,346 INFO  [Log] Rename is successful from right click 
2016-03-16 13:29:45,351 INFO  [Log] Running testTEJ_1078 
2016-03-16 13:29:50,208 INFO  [Log] - 
2016-03-16 13:29:50,407 INFO  [Log] - 
2016-03-16 13:29:50,633 INFO  [Log] - 
2016-03-16 13:29:50,782 INFO  [Log] - 
2016-03-16 13:29:50,935 INFO  [Log] - 
2016-03-16 13:29:51,054 INFO  [Log] - 
2016-03-16 13:29:51,167 INFO  [Log] - 
2016-03-16 13:29:51,302 INFO  [Log] - 
2016-03-16 13:29:51,417 INFO  [Log] - 
2016-03-16 13:29:51,535 INFO  [Log] - 
2016-03-16 13:29:51,749 INFO  [Log] - 
2016-03-16 13:29:51,891 INFO  [Log] - 
2016-03-16 13:29:51,998 INFO  [Log] - 
2016-03-16 13:29:52,114 INFO  [Log] - 
2016-03-16 13:29:52,255 INFO  [Log] - 
2016-03-16 13:29:52,371 INFO  [Log] - 
2016-03-16 13:29:52,483 INFO  [Log] - 
2016-03-16 13:29:52,609 INFO  [Log] - 
2016-03-16 13:29:52,768 INFO  [Log] - 
2016-03-16 13:29:52,947 INFO  [Log] - 
2016-03-16 13:29:53,159 INFO  [Log] - 
2016-03-16 13:29:53,315 INFO  [Log] - 
2016-03-16 13:29:53,472 INFO  [Log] 146.0 KB 
2016-03-16 13:29:53,709 INFO  [Log] 548.1 KB 
2016-03-16 13:29:53,897 INFO  [Log] 759.6 KB 
2016-03-16 13:29:54,071 INFO  [Log] 25.0 MB 
2016-03-16 13:29:56,951 INFO  [Log] - 
2016-03-16 13:29:57,179 INFO  [Log] - 
2016-03-16 13:29:57,360 INFO  [Log] - 
2016-03-16 13:29:57,536 INFO  [Log] - 
2016-03-16 13:29:57,716 INFO  [Log] - 
2016-03-16 13:29:57,918 INFO  [Log] - 
2016-03-16 13:29:58,065 INFO  [Log] - 
2016-03-16 13:29:58,223 INFO  [Log] - 
2016-03-16 13:29:58,340 INFO  [Log] - 
2016-03-16 13:29:58,459 INFO  [Log] - 
2016-03-16 13:29:58,597 INFO  [Log] - 
2016-03-16 13:29:58,718 INFO  [Log] - 
2016-03-16 13:29:58,834 INFO  [Log] - 
2016-03-16 13:29:58,956 INFO  [Log] - 
2016-03-16 13:29:59,102 INFO  [Log] - 
2016-03-16 13:29:59,229 INFO  [Log] - 
2016-03-16 13:29:59,351 INFO  [Log] - 
2016-03-16 13:29:59,468 INFO  [Log] - 
2016-03-16 13:29:59,590 INFO  [Log] - 
2016-03-16 13:29:59,729 INFO  [Log] - 
2016-03-16 13:29:59,901 INFO  [Log] - 
2016-03-16 13:30:00,057 INFO  [Log] - 
2016-03-16 13:30:00,173 INFO  [Log] 25.0 MB 
2016-03-16 13:30:00,346 INFO  [Log] 759.6 KB 
2016-03-16 13:30:00,549 INFO  [Log] 548.1 KB 
2016-03-16 13:30:00,725 INFO  [Log] 146.0 KB 
2016-03-16 13:30:00,849 INFO  [Log] Running testTEJ_1374 
2016-03-16 13:30:05,445 INFO  [Log] Landed on All Files Page 
2016-03-16 13:30:46,753 INFO  [Log] Running testTEJ_3156 
2016-03-16 13:30:50,243 INFO  [Log] Running testTEJ_1458  
2016-03-16 13:31:08,287 INFO  [Log] number of elements: 24 
2016-03-16 13:31:08,323 INFO  [Log] Scrolled to the bottom of the page 
2016-03-16 13:31:12,065 INFO  [Log] Found the Element 
2016-03-16 13:31:12,071 INFO  [Log] Running testTEJ_3168 
2016-03-16 13:31:14,444 INFO  [Log] Landed on All Files Page 
2016-03-16 13:31:38,456 INFO  [Log] number of elements: 22 
2016-03-16 13:31:38,489 INFO  [Log] Scrolled to the bottom of the page 
2016-03-16 13:31:42,371 INFO  [Log] number of elements: 22 
2016-03-16 13:31:42,397 INFO  [Log] Scrolled to the bottom of the page 
2016-03-16 13:32:19,283 INFO  [Log] Running testTEJ_3168_C 
2016-03-16 13:32:30,295 INFO  [Log] Landed on All Files Page 
2016-03-16 13:33:21,227 INFO  [Log] Landed on All Files Page 
2016-03-16 13:33:26,526 INFO  [Log] number of elements: 24 
2016-03-16 13:33:26,657 INFO  [Log] Scrolled to the bottom of the page 
2016-03-16 13:33:27,686 INFO  [Log] Found the Element 
2016-03-16 13:33:28,010 INFO  [Log] number of elements: 24 
2016-03-16 13:33:28,043 INFO  [Log] Scrolled to the bottom of the page 
2016-03-16 13:33:29,517 INFO  [Log] Found the Element 
2016-03-16 13:33:29,623 INFO  [Log] number of elements: 24 
2016-03-16 13:33:29,874 INFO  [Log] Scrolled to the bottom of the page 
2016-03-16 13:33:31,671 INFO  [Log] Found the Element 
2016-03-16 13:33:31,679 INFO  [Log] Running testTEJ_3168_B 
2016-03-16 13:33:34,541 INFO  [Log] Landed on All Files Page 
2016-03-16 13:33:58,402 INFO  [Log] number of elements: 1 
2016-03-16 13:33:58,439 INFO  [Log] Scrolled to the bottom of the page 
2016-03-16 13:33:58,687 INFO  [Log] Found the Element 
2016-03-16 13:34:02,950 INFO  [Log] number of elements: 1 
2016-03-16 13:34:02,977 INFO  [Log] Scrolled to the bottom of the page 
2016-03-16 13:34:03,205 INFO  [Log] Found the Element 
2016-03-16 13:34:08,468 INFO  [Log] clicked on profile button 
2016-03-16 13:34:12,235 INFO  [Log] clicked on Logout button 
2016-03-16 13:34:21,549 INFO  [Log] Screenshot successfully taken 
2016-03-16 13:34:21,550 INFO  [Log] Screenshot captured for testTEJ_3168_B failed step 
2016-03-16 13:34:21,556 INFO  [Log] Running testTEJ_890  
2016-03-16 13:34:24,389 INFO  [Log] Clicked on Login Link 
2016-03-16 13:34:35,487 INFO  [Log] Number of windows : 2 
2016-03-16 13:34:35,487 INFO  [Log] WindowHandle for new window : {fc1fb141-a537-4030-974a-d07f03303878} 
2016-03-16 13:34:35,531 INFO  [Log] Clicked on Google sigin link 
2016-03-16 13:35:43,800 INFO  [Log] Error occured on clicking login link 
2016-03-16 13:36:14,162 INFO  [Log] Screenshot successfully taken 
2016-03-16 13:36:14,162 INFO  [Log] Screenshot captured for testTej_956 failed step 
2016-03-16 13:36:14,623 INFO  [Log] XXXXXXXXXXXXXXXXXXXXXXX             -E---N---D-             XXXXXXXXXXXXXXXXXXXXXX 
2016-03-16 13:36:14,623 INFO  [Log] X 
2016-03-16 13:36:14,623 INFO  [Log] X 
2016-03-16 13:36:14,623 INFO  [Log] X 
2016-03-16 13:36:14,623 INFO  [Log] X 
2016-03-16 14:29:28,399 INFO  [Log] **************************************************************************************** 
2016-03-16 14:29:28,401 INFO  [Log] **************************************************************************************** 
2016-03-16 14:29:28,401 INFO  [Log] $$$$$$$$$$$$$$$$$$$$$                 Framework started       $$$$$$$$$$$$$$$$$$$$$$$$$ 
2016-03-16 14:29:28,402 INFO  [Log] **************************************************************************************** 
2016-03-16 14:29:28,402 INFO  [Log] **************************************************************************************** 
2016-03-16 14:30:32,972 INFO  [Log] Clicked on Login Link 
2016-03-16 14:30:35,117 INFO  [Log] Cleared the TB 
2016-03-16 14:30:35,932 INFO  [Log] Entered UserMailID 
2016-03-16 14:30:36,147 INFO  [Log] Cleared the TB 
2016-03-16 14:30:36,505 INFO  [Log] Entered PWD 
2016-03-16 14:30:38,261 INFO  [Log] Verified the UN error message 
2016-03-16 14:30:43,453 INFO  [Log] Cleared the TB 
2016-03-16 14:30:43,925 INFO  [Log] Entered UserMailID 
2016-03-16 14:30:44,159 INFO  [Log] Cleared the TB 
2016-03-16 14:30:44,605 INFO  [Log] Entered PWD 
2016-03-16 14:31:16,300 INFO  [Log] error message couldnot be read 
2016-03-16 14:31:19,310 INFO  [Log] Running testTEJ_956  
2016-03-16 14:31:27,363 INFO  [Log] Closed the login popup 
2016-03-16 14:31:27,474 INFO  [Log] Closed the login popup 
2016-03-16 14:31:27,588 INFO  [Log] Closed the login popup 
2016-03-16 14:31:27,695 INFO  [Log] Closed the login popup 
2016-03-16 14:31:27,998 INFO  [Log] Running testTEJ_1456  
2016-03-16 14:31:30,192 INFO  [Log] Cleared the TB 
2016-03-16 14:31:30,525 INFO  [Log] Entered UserMailID 
2016-03-16 14:31:30,734 INFO  [Log] Cleared the TB 
2016-03-16 14:31:30,979 INFO  [Log] Entered PWD 
2016-03-16 14:31:57,541 INFO  [Log] Entered text in create folder text field 
2016-03-16 14:32:00,723 INFO  [Log] Clicked on create window button 
2016-03-16 14:32:01,696 INFO  [Log] number of elements: 25 
2016-03-16 14:32:01,743 INFO  [Log] Scrolled to the bottom of the page 
2016-03-16 14:32:10,492 INFO  [Log] Found the Element 
2016-03-16 14:32:20,472 INFO  [Log] Entered text in create folder text field 
2016-03-16 14:32:23,062 INFO  [Log] Clicked on create window button 
2016-03-16 14:32:23,938 INFO  [Log] number of elements: 25 
2016-03-16 14:32:24,166 INFO  [Log] Scrolled to the bottom of the page 
2016-03-16 14:32:28,579 INFO  [Log] Found the Element 
2016-03-16 14:32:28,587 INFO  [Log] Running testTEJ_1460 
2016-03-16 14:32:38,675 INFO  [Log] Landed on All Files Page 
2016-03-16 14:32:40,688 INFO  [Log] Running testTEJ_1461 
2016-03-16 14:32:48,949 INFO  [Log] number of elements: 26 
2016-03-16 14:32:48,982 INFO  [Log] Scrolled to the bottom of the page 
2016-03-16 14:32:52,956 INFO  [Log] Found the Element 
2016-03-16 14:32:52,956 INFO  [Log] Rename is successful from more options 
2016-03-16 14:33:00,030 INFO  [Log] number of elements: 26 
2016-03-16 14:33:00,055 INFO  [Log] Scrolled to the bottom of the page 
2016-03-16 14:33:04,047 INFO  [Log] Found the Element 
2016-03-16 14:33:04,047 INFO  [Log] Rename is successful from right click 
2016-03-16 14:33:04,054 INFO  [Log] Running testTEJ_1078 
2016-03-16 14:33:08,876 INFO  [Log] - 
2016-03-16 14:33:09,028 INFO  [Log] - 
2016-03-16 14:33:09,166 INFO  [Log] - 
2016-03-16 14:33:09,325 INFO  [Log] - 
2016-03-16 14:33:09,451 INFO  [Log] - 
2016-03-16 14:33:09,584 INFO  [Log] - 
2016-03-16 14:33:09,698 INFO  [Log] - 
2016-03-16 14:33:09,814 INFO  [Log] - 
2016-03-16 14:33:09,929 INFO  [Log] - 
2016-03-16 14:33:10,110 INFO  [Log] - 
2016-03-16 14:33:10,258 INFO  [Log] - 
2016-03-16 14:33:10,352 INFO  [Log] - 
2016-03-16 14:33:10,459 INFO  [Log] - 
2016-03-16 14:33:10,592 INFO  [Log] - 
2016-03-16 14:33:10,717 INFO  [Log] - 
2016-03-16 14:33:10,864 INFO  [Log] - 
2016-03-16 14:33:11,016 INFO  [Log] - 
2016-03-16 14:33:11,140 INFO  [Log] - 
2016-03-16 14:33:11,256 INFO  [Log] - 
2016-03-16 14:33:11,374 INFO  [Log] - 
2016-03-16 14:33:11,490 INFO  [Log] - 
2016-03-16 14:33:11,626 INFO  [Log] - 
2016-03-16 14:33:11,749 INFO  [Log] - 
2016-03-16 14:33:11,862 INFO  [Log] - 
2016-03-16 14:33:11,961 INFO  [Log] 548.1 KB 
2016-03-16 14:33:12,130 INFO  [Log] 759.6 KB 
2016-03-16 14:33:12,257 INFO  [Log] Running testTEJ_1374 
2016-03-16 14:33:16,935 INFO  [Log] Landed on All Files Page 
2016-03-16 14:33:45,126 INFO  [Log] Screenshot successfully taken 
2016-03-16 14:33:45,127 INFO  [Log] Screenshot captured for testTEJ_1374 failed step 
2016-03-16 14:33:45,131 INFO  [Log] Running testTEJ_3156 
2016-03-16 14:33:48,318 INFO  [Log] Running testTEJ_1458  
2016-03-16 14:34:06,553 INFO  [Log] number of elements: 25 
2016-03-16 14:34:06,621 INFO  [Log] Scrolled to the bottom of the page 
2016-03-16 14:34:06,869 INFO  [Log] Found the Element 
2016-03-16 14:34:07,627 INFO  [Log] Screenshot successfully taken 
2016-03-16 14:34:07,627 INFO  [Log] Screenshot captured for testTEJ_1458 failed step 
2016-03-16 14:34:07,631 INFO  [Log] Running testTEJ_3168 
2016-03-16 14:34:07,939 INFO  [Log] Exception occured while navigating to All Files Page 
2016-03-16 14:34:39,865 INFO  [Log] number of elements: 5 
2016-03-16 14:34:39,960 INFO  [Log] Scrolled to the bottom of the page 
2016-03-16 14:34:42,194 INFO  [Log] number of elements: 5 
2016-03-16 14:34:42,236 INFO  [Log] Scrolled to the bottom of the page 
2016-03-16 14:34:44,402 INFO  [Log] Screenshot successfully taken 
2016-03-16 14:34:44,403 INFO  [Log] Screenshot captured for testTEJ_3168 failed step 
2016-03-16 14:34:44,406 INFO  [Log] Running testTEJ_3168_C 
2016-03-16 14:34:51,388 INFO  [Log] Landed on All Files Page 
2016-03-16 14:35:28,256 INFO  [Log] Running testTEJ_3168_B 
2016-03-16 14:35:37,453 INFO  [Log] Landed on All Files Page 
2016-03-16 14:36:03,842 INFO  [Log] number of elements: 9 
2016-03-16 14:36:04,069 INFO  [Log] Scrolled to the bottom of the page 
2016-03-16 14:36:05,460 INFO  [Log] Found the Element 
2016-03-16 14:36:09,975 INFO  [Log] number of elements: 9 
2016-03-16 14:36:10,012 INFO  [Log] Scrolled to the bottom of the page 
2016-03-16 14:36:10,933 INFO  [Log] Found the Element 
2016-03-16 14:36:16,321 INFO  [Log] clicked on profile button 
2016-03-16 14:36:20,567 INFO  [Log] clicked on Logout button 
2016-03-16 14:36:30,790 INFO  [Log] Screenshot successfully taken 
2016-03-16 14:36:30,790 INFO  [Log] Screenshot captured for testTEJ_3168_B failed step 
2016-03-16 14:36:30,793 INFO  [Log] Running testTEJ_890  
2016-03-16 14:36:33,517 INFO  [Log] Clicked on Login Link 
2016-03-16 14:36:44,267 INFO  [Log] Number of windows : 2 
2016-03-16 14:36:44,267 INFO  [Log] WindowHandle for new window : {2b084c4e-4169-495f-8c63-cca75925ad60} 
2016-03-16 14:36:44,298 INFO  [Log] Clicked on Google sigin link 
2016-03-16 14:40:55,834 INFO  [Log] Error occured on clicking login link 
2016-03-16 14:40:57,858 INFO  [Log] Screenshot captured for testTej_956 failed step 
2016-03-16 14:46:42,634 INFO  [Log] **************************************************************************************** 
2016-03-16 14:46:42,636 INFO  [Log] **************************************************************************************** 
2016-03-16 14:46:42,637 INFO  [Log] $$$$$$$$$$$$$$$$$$$$$                 Framework started       $$$$$$$$$$$$$$$$$$$$$$$$$ 
2016-03-16 14:46:42,637 INFO  [Log] **************************************************************************************** 
2016-03-16 14:46:42,637 INFO  [Log] **************************************************************************************** 
2016-03-16 14:47:19,088 INFO  [Log] Error occured on clicking login link 
2016-03-16 14:47:19,114 INFO  [Log] Screenshot captured for testTej_InvalidUNInvalidPWD failed step 
2016-03-16 14:47:22,314 INFO  [Log] Clicked on Login Link 
2016-03-16 14:47:24,461 INFO  [Log] Cleared the TB 
2016-03-16 14:47:24,860 INFO  [Log] Entered UserMailID 
2016-03-16 14:47:25,203 INFO  [Log] Cleared the TB 
2016-03-16 14:47:25,646 INFO  [Log] Entered PWD 
2016-03-16 14:47:27,101 INFO  [Log] Verified the UN error message 
2016-03-16 14:48:01,432 INFO  [Log] Screenshot successfully taken 
2016-03-16 14:48:01,432 INFO  [Log] Screenshot captured for testTej_InvalidUNInvalidPWD failed step 
2016-03-16 14:48:03,673 INFO  [Log] Error occured on clicking login link 
2016-03-16 14:48:03,888 INFO  [Log] Cleared the TB 
2016-03-16 14:48:04,388 INFO  [Log] Entered UserMailID 
2016-03-16 14:48:04,601 INFO  [Log] Cleared the TB 
2016-03-16 14:48:04,938 INFO  [Log] Entered PWD 
2016-03-16 14:48:36,481 INFO  [Log] error message couldnot be read 
2016-03-16 14:49:10,790 INFO  [Log] Screenshot successfully taken 
2016-03-16 14:49:10,791 INFO  [Log] Screenshot captured for testTej_ValidUNInvalidPWD failed step 
2016-03-16 14:49:10,933 INFO  [Log] XXXXXXXXXXXXXXXXXXXXXXX             -E---N---D-             XXXXXXXXXXXXXXXXXXXXXX 
2016-03-16 14:49:10,933 INFO  [Log] X 
2016-03-16 14:49:10,933 INFO  [Log] X 
2016-03-16 14:49:10,933 INFO  [Log] X 
2016-03-16 14:49:10,934 INFO  [Log] X 
2016-03-16 14:51:55,821 INFO  [Log] **************************************************************************************** 
2016-03-16 14:51:55,823 INFO  [Log] **************************************************************************************** 
2016-03-16 14:51:55,824 INFO  [Log] $$$$$$$$$$$$$$$$$$$$$                 Framework started       $$$$$$$$$$$$$$$$$$$$$$$$$ 
2016-03-16 14:51:55,824 INFO  [Log] **************************************************************************************** 
2016-03-16 14:51:55,824 INFO  [Log] **************************************************************************************** 
2016-03-16 14:52:27,102 INFO  [Log] Error occured on clicking login link 
2016-03-16 14:52:27,117 INFO  [Log] Screenshot captured for testTej_InvalidUNInvalidPWD failed step 
2016-03-16 14:52:38,523 INFO  [Log] Clicked on Login Link 
2016-03-16 14:52:40,907 INFO  [Log] Cleared the TB 
2016-03-16 14:52:41,459 INFO  [Log] Entered UserMailID 
2016-03-16 14:52:41,801 INFO  [Log] Cleared the TB 
2016-03-16 14:52:42,219 INFO  [Log] Entered PWD 
2016-03-16 14:52:43,746 INFO  [Log] Verified the UN error message 
2016-03-16 14:53:17,729 INFO  [Log] Screenshot successfully taken 
2016-03-16 14:53:17,729 INFO  [Log] Screenshot captured for testTej_InvalidUNInvalidPWD failed step 
2016-03-16 14:53:19,931 INFO  [Log] Error occured on clicking login link 
2016-03-16 14:53:20,149 INFO  [Log] Cleared the TB 
2016-03-16 14:53:20,584 INFO  [Log] Entered UserMailID 
2016-03-16 14:53:20,774 INFO  [Log] Cleared the TB 
2016-03-16 14:53:21,067 INFO  [Log] Entered PWD 
2016-03-16 14:53:52,605 INFO  [Log] error message couldnot be read 
2016-03-16 14:54:26,865 INFO  [Log] Screenshot successfully taken 
2016-03-16 14:54:26,866 INFO  [Log] Screenshot captured for testTej_ValidUNInvalidPWD failed step 
2016-03-16 14:54:27,023 INFO  [Log] XXXXXXXXXXXXXXXXXXXXXXX             -E---N---D-             XXXXXXXXXXXXXXXXXXXXXX 
2016-03-16 14:54:27,024 INFO  [Log] X 
2016-03-16 14:54:27,024 INFO  [Log] X 
2016-03-16 14:54:27,024 INFO  [Log] X 
2016-03-16 14:54:27,024 INFO  [Log] X 
2016-03-16 14:55:53,571 INFO  [Log] **************************************************************************************** 
2016-03-16 14:55:53,573 INFO  [Log] **************************************************************************************** 
2016-03-16 14:55:53,573 INFO  [Log] $$$$$$$$$$$$$$$$$$$$$                 Framework started       $$$$$$$$$$$$$$$$$$$$$$$$$ 
2016-03-16 14:55:53,574 INFO  [Log] **************************************************************************************** 
2016-03-16 14:55:53,574 INFO  [Log] **************************************************************************************** 
2016-03-16 14:56:27,507 INFO  [Log] Error occured on clicking login link 
2016-03-16 14:56:27,540 INFO  [Log] Screenshot captured for testTej_InvalidUNInvalidPWD failed step 
2016-03-16 14:56:30,626 INFO  [Log] Clicked on Login Link 
2016-03-16 14:56:32,767 INFO  [Log] Cleared the TB 
2016-03-16 14:56:33,213 INFO  [Log] Entered UserMailID 
2016-03-16 14:56:33,526 INFO  [Log] Cleared the TB 
2016-03-16 14:56:33,876 INFO  [Log] Entered PWD 
2016-03-16 14:56:35,413 INFO  [Log] Verified the UN error message 
2016-03-16 14:57:09,890 INFO  [Log] Screenshot successfully taken 
2016-03-16 14:57:09,890 INFO  [Log] Screenshot captured for testTej_InvalidUNInvalidPWD failed step 
2016-03-16 14:57:12,105 INFO  [Log] Error occured on clicking login link 
2016-03-16 14:57:12,290 INFO  [Log] Cleared the TB 
2016-03-16 14:57:12,686 INFO  [Log] Entered UserMailID 
2016-03-16 14:57:12,838 INFO  [Log] Cleared the TB 
2016-03-16 14:57:13,092 INFO  [Log] Entered PWD 
2016-03-16 14:57:44,666 INFO  [Log] error message couldnot be read 
2016-03-16 14:58:18,803 INFO  [Log] Screenshot successfully taken 
2016-03-16 14:58:18,804 INFO  [Log] Screenshot captured for testTej_ValidUNInvalidPWD failed step 
2016-03-16 14:58:19,039 INFO  [Log] XXXXXXXXXXXXXXXXXXXXXXX             -E---N---D-             XXXXXXXXXXXXXXXXXXXXXX 
2016-03-16 14:58:19,039 INFO  [Log] X 
2016-03-16 14:58:19,039 INFO  [Log] X 
2016-03-16 14:58:19,039 INFO  [Log] X 
2016-03-16 14:58:19,040 INFO  [Log] X 
2016-03-16 14:59:34,547 INFO  [Log] **************************************************************************************** 
2016-03-16 14:59:34,548 INFO  [Log] **************************************************************************************** 
2016-03-16 14:59:34,548 INFO  [Log] $$$$$$$$$$$$$$$$$$$$$                 Framework started       $$$$$$$$$$$$$$$$$$$$$$$$$ 
2016-03-16 14:59:34,549 INFO  [Log] **************************************************************************************** 
2016-03-16 14:59:34,549 INFO  [Log] **************************************************************************************** 
2016-03-16 14:59:57,172 INFO  [Log] Error occured on clicking login link 
2016-03-16 14:59:57,191 INFO  [Log] Screenshot captured for testTej_InvalidUNInvalidPWD failed step 
2016-03-16 15:00:06,208 INFO  [Log] Clicked on Login Link 
2016-03-16 15:00:08,829 INFO  [Log] Cleared the TB 
2016-03-16 15:00:09,659 INFO  [Log] Entered UserMailID 
2016-03-16 15:00:09,906 INFO  [Log] Cleared the TB 
2016-03-16 15:00:10,433 INFO  [Log] Entered PWD 
2016-03-16 15:00:12,031 INFO  [Log] Verified the UN error message 
2016-03-16 15:00:17,239 INFO  [Log] Cleared the TB 
2016-03-16 15:00:17,740 INFO  [Log] Entered UserMailID 
2016-03-16 15:00:17,986 INFO  [Log] Cleared the TB 
2016-03-16 15:00:18,320 INFO  [Log] Entered PWD 
2016-03-16 15:00:49,994 INFO  [Log] error message couldnot be read 
2016-03-16 15:00:53,107 INFO  [Log] XXXXXXXXXXXXXXXXXXXXXXX             -E---N---D-             XXXXXXXXXXXXXXXXXXXXXX 
2016-03-16 15:00:53,108 INFO  [Log] X 
2016-03-16 15:00:53,108 INFO  [Log] X 
2016-03-16 15:00:53,108 INFO  [Log] X 
2016-03-16 15:00:53,108 INFO  [Log] X 
2016-03-16 15:01:32,016 INFO  [Log] **************************************************************************************** 
2016-03-16 15:01:32,018 INFO  [Log] **************************************************************************************** 
2016-03-16 15:01:32,019 INFO  [Log] $$$$$$$$$$$$$$$$$$$$$                 Framework started       $$$$$$$$$$$$$$$$$$$$$$$$$ 
2016-03-16 15:01:32,019 INFO  [Log] **************************************************************************************** 
2016-03-16 15:01:32,019 INFO  [Log] **************************************************************************************** 
2016-03-16 15:02:12,915 INFO  [Log] Clicked on Login Link 
2016-03-16 15:02:15,081 INFO  [Log] Cleared the TB 
2016-03-16 15:02:15,590 INFO  [Log] Entered UserMailID 
2016-03-16 15:02:15,945 INFO  [Log] Cleared the TB 
2016-03-16 15:02:16,473 INFO  [Log] Entered PWD 
2016-03-16 15:02:18,086 INFO  [Log] Verified the UN error message 
2016-03-16 15:02:21,166 INFO  [Log] XXXXXXXXXXXXXXXXXXXXXXX             -E---N---D-             XXXXXXXXXXXXXXXXXXXXXX 
2016-03-16 15:02:21,166 INFO  [Log] X 
2016-03-16 15:02:21,168 INFO  [Log] X 
2016-03-16 15:02:21,168 INFO  [Log] X 
2016-03-16 15:02:21,168 INFO  [Log] X 
2016-03-16 15:06:07,554 INFO  [Log] **************************************************************************************** 
2016-03-16 15:06:07,556 INFO  [Log] **************************************************************************************** 
2016-03-16 15:06:07,557 INFO  [Log] $$$$$$$$$$$$$$$$$$$$$                 Framework started       $$$$$$$$$$$$$$$$$$$$$$$$$ 
2016-03-16 15:06:07,557 INFO  [Log] **************************************************************************************** 
2016-03-16 15:06:07,557 INFO  [Log] **************************************************************************************** 
2016-03-16 15:06:45,757 INFO  [Log] Clicked on Login Link 
2016-03-16 15:06:47,943 INFO  [Log] Cleared the TB 
2016-03-16 15:06:48,946 INFO  [Log] Entered UserMailID 
2016-03-16 15:06:49,324 INFO  [Log] Cleared the TB 
2016-03-16 15:06:49,687 INFO  [Log] Entered PWD 
2016-03-16 15:06:51,225 INFO  [Log] Verified the UN error message 
2016-03-16 15:06:56,430 INFO  [Log] Cleared the TB 
2016-03-16 15:06:56,865 INFO  [Log] Entered UserMailID 
2016-03-16 15:06:57,061 INFO  [Log] Cleared the TB 
2016-03-16 15:06:57,346 INFO  [Log] Entered PWD 
2016-03-16 15:07:28,912 INFO  [Log] error message couldnot be read 
2016-03-16 15:07:31,915 INFO  [Log] Running testTEJ_956  
2016-03-16 15:07:39,309 INFO  [Log] Closed the login popup 
2016-03-16 15:07:39,353 INFO  [Log] Closed the login popup 
2016-03-16 15:07:39,404 INFO  [Log] Closed the login popup 
2016-03-16 15:07:39,460 INFO  [Log] Closed the login popup 
2016-03-16 15:07:39,567 INFO  [Log] Running testTEJ_1456  
2016-03-16 15:07:41,624 INFO  [Log] Cleared the TB 
2016-03-16 15:07:41,729 INFO  [Log] Entered UserMailID 
2016-03-16 15:07:41,771 INFO  [Log] Cleared the TB 
2016-03-16 15:07:41,864 INFO  [Log] Entered PWD 
2016-03-16 15:07:57,696 INFO  [Log] Entered text in create folder text field 
2016-03-16 15:07:59,847 INFO  [Log] Clicked on create window button 
2016-03-16 15:07:59,892 INFO  [Log] number of elements: 24 
2016-03-16 15:07:59,908 INFO  [Log] Scrolled to the bottom of the page 
2016-03-16 15:08:01,478 INFO  [Log] Found the Element 
2016-03-16 15:08:10,111 INFO  [Log] Entered text in create folder text field 
2016-03-16 15:08:12,282 INFO  [Log] Clicked on create window button 
2016-03-16 15:08:12,326 INFO  [Log] number of elements: 25 
2016-03-16 15:08:12,347 INFO  [Log] Scrolled to the bottom of the page 
2016-03-16 15:08:13,777 INFO  [Log] Found the Element 
2016-03-16 15:08:13,779 INFO  [Log] Running testTEJ_1460 
2016-03-16 15:08:22,722 INFO  [Log] Landed on All Files Page 
2016-03-16 15:08:24,723 INFO  [Log] Running testTEJ_1461 
2016-03-16 15:08:31,748 INFO  [Log] number of elements: 26 
2016-03-16 15:08:31,760 INFO  [Log] Scrolled to the bottom of the page 
2016-03-16 15:08:33,031 INFO  [Log] Found the Element 
2016-03-16 15:08:33,031 INFO  [Log] Rename is successful from more options 
2016-03-16 15:08:38,912 INFO  [Log] number of elements: 26 
2016-03-16 15:08:38,925 INFO  [Log] Scrolled to the bottom of the page 
2016-03-16 15:08:40,143 INFO  [Log] Found the Element 
2016-03-16 15:08:40,143 INFO  [Log] Rename is successful from right click 
2016-03-16 15:08:40,145 INFO  [Log] Running testTEJ_1078 
2016-03-16 15:08:44,400 INFO  [Log] - 
2016-03-16 15:08:44,444 INFO  [Log] - 
2016-03-16 15:08:44,485 INFO  [Log] - 
2016-03-16 15:08:44,523 INFO  [Log] - 
2016-03-16 15:08:44,561 INFO  [Log] - 
2016-03-16 15:08:44,599 INFO  [Log] - 
2016-03-16 15:08:44,640 INFO  [Log] - 
2016-03-16 15:08:44,683 INFO  [Log] - 
2016-03-16 15:08:44,722 INFO  [Log] - 
2016-03-16 15:08:44,761 INFO  [Log] - 
2016-03-16 15:08:44,801 INFO  [Log] - 
2016-03-16 15:08:44,841 INFO  [Log] - 
2016-03-16 15:08:44,879 INFO  [Log] - 
2016-03-16 15:08:44,909 INFO  [Log] - 
2016-03-16 15:08:44,940 INFO  [Log] - 
2016-03-16 15:08:44,985 INFO  [Log] - 
2016-03-16 15:08:45,028 INFO  [Log] - 
2016-03-16 15:08:45,068 INFO  [Log] - 
2016-03-16 15:08:45,097 INFO  [Log] 146.0 KB 
2016-03-16 15:08:45,168 INFO  [Log] 548.1 KB 
2016-03-16 15:08:45,253 INFO  [Log] 759.6 KB 
2016-03-16 15:08:45,332 INFO  [Log] 3.7 MB 
2016-03-16 15:08:45,454 INFO  [Log] 3.9 MB 
2016-03-16 15:08:45,570 INFO  [Log] 4.6 MB 
2016-03-16 15:08:45,644 INFO  [Log] 8.0 MB 
2016-03-16 15:08:45,716 INFO  [Log] 25.0 MB 
2016-03-16 15:08:48,089 INFO  [Log] - 
2016-03-16 15:08:48,134 INFO  [Log] - 
2016-03-16 15:08:48,167 INFO  [Log] - 
2016-03-16 15:08:48,202 INFO  [Log] - 
2016-03-16 15:08:48,248 INFO  [Log] - 
2016-03-16 15:08:48,287 INFO  [Log] - 
2016-03-16 15:08:48,332 INFO  [Log] - 
2016-03-16 15:08:48,374 INFO  [Log] - 
2016-03-16 15:08:48,415 INFO  [Log] - 
2016-03-16 15:08:48,459 INFO  [Log] - 
2016-03-16 15:08:48,504 INFO  [Log] - 
2016-03-16 15:08:48,547 INFO  [Log] - 
2016-03-16 15:08:48,584 INFO  [Log] - 
2016-03-16 15:08:48,625 INFO  [Log] - 
2016-03-16 15:08:48,668 INFO  [Log] - 
2016-03-16 15:08:48,709 INFO  [Log] - 
2016-03-16 15:08:48,750 INFO  [Log] - 
2016-03-16 15:08:48,788 INFO  [Log] - 
2016-03-16 15:08:48,829 INFO  [Log] 25.0 MB 
2016-03-16 15:08:48,896 INFO  [Log] 8.0 MB 
2016-03-16 15:08:48,959 INFO  [Log] 4.6 MB 
2016-03-16 15:08:49,017 INFO  [Log] 3.9 MB 
2016-03-16 15:08:49,077 INFO  [Log] 3.7 MB 
2016-03-16 15:08:49,159 INFO  [Log] 759.6 KB 
2016-03-16 15:08:49,219 INFO  [Log] 548.1 KB 
2016-03-16 15:08:49,291 INFO  [Log] 146.0 KB 
2016-03-16 15:08:49,332 INFO  [Log] Running testTEJ_1374 
2016-03-16 15:08:53,455 INFO  [Log] Landed on All Files Page 
2016-03-16 15:09:28,482 INFO  [Log] Running testTEJ_3156 
2016-03-16 15:09:30,947 INFO  [Log] Running testTEJ_1458  
2016-03-16 15:09:46,101 INFO  [Log] number of elements: 24 
2016-03-16 15:09:46,112 INFO  [Log] Scrolled to the bottom of the page 
2016-03-16 15:09:47,708 INFO  [Log] Screenshot successfully taken 
2016-03-16 15:09:47,708 INFO  [Log] Screenshot captured for testTEJ_1458 failed step 
2016-03-16 15:09:47,709 INFO  [Log] Running testTEJ_3168 
2016-03-16 15:09:49,825 INFO  [Log] Landed on All Files Page 
2016-03-16 15:10:11,084 INFO  [Log] number of elements: 13 
2016-03-16 15:10:11,095 INFO  [Log] Scrolled to the bottom of the page 
2016-03-16 15:10:11,559 INFO  [Log] Found the Element 
2016-03-16 15:10:11,576 INFO  [Log] number of elements: 13 
2016-03-16 15:10:11,586 INFO  [Log] Scrolled to the bottom of the page 
2016-03-16 15:10:12,184 INFO  [Log] Found the Element 
2016-03-16 15:10:12,186 INFO  [Log] Running testTEJ_3168_C 
2016-03-16 15:10:16,369 INFO  [Log] Landed on All Files Page 
2016-03-16 15:10:48,655 INFO  [Log] Landed on All Files Page 
2016-03-16 15:10:53,703 INFO  [Log] number of elements: 24 
2016-03-16 15:10:53,718 INFO  [Log] Scrolled to the bottom of the page 
2016-03-16 15:10:54,119 INFO  [Log] Found the Element 
2016-03-16 15:10:54,154 INFO  [Log] number of elements: 24 
2016-03-16 15:10:54,166 INFO  [Log] Scrolled to the bottom of the page 
2016-03-16 15:10:54,685 INFO  [Log] Found the Element 
2016-03-16 15:10:54,731 INFO  [Log] number of elements: 24 
2016-03-16 15:10:54,743 INFO  [Log] Scrolled to the bottom of the page 
2016-03-16 15:10:55,200 INFO  [Log] Found the Element 
2016-03-16 15:10:55,203 INFO  [Log] Running testTEJ_3168_B 
2016-03-16 15:10:57,354 INFO  [Log] Landed on All Files Page 
2016-03-16 15:11:13,590 INFO  [Log] number of elements: 1 
2016-03-16 15:11:13,602 INFO  [Log] Scrolled to the bottom of the page 
2016-03-16 15:11:13,663 INFO  [Log] Found the Element 
2016-03-16 15:11:47,031 INFO  [Log] number of elements: 0 
2016-03-16 15:11:47,049 INFO  [Log] Scrolled to the bottom of the page 
2016-03-16 15:12:22,149 INFO  [Log] clicked on profile button 
2016-03-16 15:12:24,712 INFO  [Log] clicked on Logout button 
2016-03-16 15:12:24,719 INFO  [Log] Running testTEJ_890  
2016-03-16 15:12:27,090 INFO  [Log] Clicked on Login Link 
2016-03-16 15:12:36,947 INFO  [Log] Number of windows : 2 
2016-03-16 15:12:36,947 INFO  [Log] WindowHandle for new window : {fe46b1ca-a35d-43f2-92b6-52afb3c14904} 
2016-03-16 15:12:36,957 INFO  [Log] Clicked on Google sigin link 
2016-03-16 15:17:27,550 INFO  [Log] Error occured on clicking login link 
2016-03-16 15:17:29,560 INFO  [Log] Screenshot captured for testTej_956 failed step 
2016-03-16 15:18:47,754 INFO  [Log] **************************************************************************************** 
2016-03-16 15:18:47,754 INFO  [Log] **************************************************************************************** 
2016-03-16 15:18:47,754 INFO  [Log] $$$$$$$$$$$$$$$$$$$$$                 Framework started       $$$$$$$$$$$$$$$$$$$$$$$$$ 
2016-03-16 15:18:47,755 INFO  [Log] **************************************************************************************** 
2016-03-16 15:18:47,755 INFO  [Log] **************************************************************************************** 
2016-03-16 15:19:03,898 INFO  [Log] Running testTEJ_890  
2016-03-16 15:19:06,151 INFO  [Log] Clicked on Login Link 
2016-03-16 15:19:16,022 INFO  [Log] Number of windows : 2 
2016-03-16 15:19:16,022 INFO  [Log] WindowHandle for new window : {2168b1c0-871b-4f04-b549-b24271caecdd} 
2016-03-16 15:19:16,037 INFO  [Log] Clicked on Google sigin link 
2016-03-16 15:20:21,311 INFO  [Log] Error occured on clicking login link 
2016-03-16 15:20:51,519 INFO  [Log] Screenshot successfully taken 
2016-03-16 15:20:51,519 INFO  [Log] Screenshot captured for testTej_956 failed step 
2016-03-16 15:20:51,659 INFO  [Log] XXXXXXXXXXXXXXXXXXXXXXX             -E---N---D-             XXXXXXXXXXXXXXXXXXXXXX 
2016-03-16 15:20:51,659 INFO  [Log] X 
2016-03-16 15:20:51,659 INFO  [Log] X 
2016-03-16 15:20:51,659 INFO  [Log] X 
2016-03-16 15:20:51,659 INFO  [Log] X 
2016-03-16 15:23:31,382 INFO  [Log] **************************************************************************************** 
2016-03-16 15:23:31,382 INFO  [Log] **************************************************************************************** 
2016-03-16 15:23:31,382 INFO  [Log] $$$$$$$$$$$$$$$$$$$$$                 Framework started       $$$$$$$$$$$$$$$$$$$$$$$$$ 
2016-03-16 15:23:31,382 INFO  [Log] **************************************************************************************** 
2016-03-16 15:23:31,383 INFO  [Log] **************************************************************************************** 
2016-03-16 15:23:46,668 INFO  [Log] Running testTEJ_890  
2016-03-16 15:23:49,009 INFO  [Log] Clicked on Login Link 
2016-03-16 15:23:58,854 INFO  [Log] Number of windows : 2 
2016-03-16 15:23:58,854 INFO  [Log] WindowHandle for new window : {7c040b01-b1d1-494c-8f03-5af679aa7ff3} 
2016-03-16 15:23:58,865 INFO  [Log] Clicked on Google sigin link 
2016-03-16 15:29:12,959 INFO  [Log] Error occured on clicking login link 
2016-03-16 15:29:14,965 INFO  [Log] Screenshot captured for testTej_956 failed step 
2016-03-16 15:29:27,277 INFO  [Log] **************************************************************************************** 
2016-03-16 15:29:27,277 INFO  [Log] **************************************************************************************** 
2016-03-16 15:29:27,278 INFO  [Log] $$$$$$$$$$$$$$$$$$$$$                 Framework started       $$$$$$$$$$$$$$$$$$$$$$$$$ 
2016-03-16 15:29:27,278 INFO  [Log] **************************************************************************************** 
2016-03-16 15:29:27,278 INFO  [Log] **************************************************************************************** 
2016-03-16 15:29:42,831 INFO  [Log] Running testTEJ_890  
2016-03-16 15:29:46,053 INFO  [Log] Clicked on Login Link 
2016-03-16 15:29:55,921 INFO  [Log] Number of windows : 2 
2016-03-16 15:29:55,921 INFO  [Log] WindowHandle for new window : {12aab0c3-c97a-487b-808a-723da2d95c31} 
2016-03-16 15:29:55,931 INFO  [Log] Clicked on Google sigin link 
2016-03-16 15:31:01,241 INFO  [Log] Error occured on clicking login link 
2016-03-16 15:31:31,399 INFO  [Log] Screenshot successfully taken 
2016-03-16 15:31:31,399 INFO  [Log] Screenshot captured for testTej_956 failed step 
2016-03-16 15:31:31,520 INFO  [Log] XXXXXXXXXXXXXXXXXXXXXXX             -E---N---D-             XXXXXXXXXXXXXXXXXXXXXX 
2016-03-16 15:31:31,520 INFO  [Log] X 
2016-03-16 15:31:31,520 INFO  [Log] X 
2016-03-16 15:31:31,520 INFO  [Log] X 
2016-03-16 15:31:31,520 INFO  [Log] X 
2016-03-16 15:35:26,863 INFO  [Log] **************************************************************************************** 
2016-03-16 15:35:26,864 INFO  [Log] **************************************************************************************** 
2016-03-16 15:35:26,864 INFO  [Log] $$$$$$$$$$$$$$$$$$$$$                 Framework started       $$$$$$$$$$$$$$$$$$$$$$$$$ 
2016-03-16 15:35:26,864 INFO  [Log] **************************************************************************************** 
2016-03-16 15:35:26,864 INFO  [Log] **************************************************************************************** 
2016-03-16 15:35:43,406 INFO  [Log] Running testTEJ_890  
2016-03-16 15:35:45,727 INFO  [Log] Clicked on Login Link 
2016-03-16 15:35:55,613 INFO  [Log] Number of windows : 2 
2016-03-16 15:35:55,613 INFO  [Log] WindowHandle for new window : {e76ea552-0836-4f22-8f1c-3f2dd61b7e97} 
2016-03-16 15:35:55,625 INFO  [Log] Clicked on Google sigin link 
2016-03-16 15:42:25,465 INFO  [Log] **************************************************************************************** 
2016-03-16 15:42:25,466 INFO  [Log] **************************************************************************************** 
2016-03-16 15:42:25,466 INFO  [Log] $$$$$$$$$$$$$$$$$$$$$                 Framework started       $$$$$$$$$$$$$$$$$$$$$$$$$ 
2016-03-16 15:42:25,466 INFO  [Log] **************************************************************************************** 
2016-03-16 15:42:25,466 INFO  [Log] **************************************************************************************** 
2016-03-16 15:42:30,006 INFO  [Log] Error occured on clicking login link 
2016-03-16 15:42:30,282 INFO  [Log] Screenshot captured for testTej_956 failed step 
2016-03-16 15:42:38,477 INFO  [Log] Running testTEJ_890  
2016-03-16 15:42:40,798 INFO  [Log] Clicked on Login Link 
2016-03-16 15:42:50,668 INFO  [Log] Number of windows : 2 
2016-03-16 15:42:50,668 INFO  [Log] WindowHandle for new window : {3b7ec849-df65-4a59-9d4f-ec8a5fa9f1bd} 
2016-03-16 15:42:50,679 INFO  [Log] Clicked on Google sigin link 
2016-03-16 15:43:25,983 INFO  [Log] Number of windows : 2 
2016-03-16 15:43:25,983 INFO  [Log] WindowHandle for new window : {3b7ec849-df65-4a59-9d4f-ec8a5fa9f1bd} 
2016-03-16 15:48:13,780 INFO  [Log] **************************************************************************************** 
2016-03-16 15:48:13,782 INFO  [Log] **************************************************************************************** 
2016-03-16 15:48:13,782 INFO  [Log] $$$$$$$$$$$$$$$$$$$$$                 Framework started       $$$$$$$$$$$$$$$$$$$$$$$$$ 
2016-03-16 15:48:13,782 INFO  [Log] **************************************************************************************** 
2016-03-16 15:48:13,782 INFO  [Log] **************************************************************************************** 
2016-03-16 15:48:18,295 INFO  [Log] Error occured on clicking login link 
2016-03-16 15:48:18,567 INFO  [Log] Screenshot captured for testTej_956 failed step 
2016-03-16 15:48:28,198 INFO  [Log] Running testTEJ_890  
2016-03-16 15:48:30,565 INFO  [Log] Clicked on Login Link 
2016-03-16 15:48:40,428 INFO  [Log] Number of windows : 2 
2016-03-16 15:48:40,428 INFO  [Log] WindowHandle for new window : {6fab2ed2-6171-4720-97e8-c9a25e2ed2e5} 
2016-03-16 15:48:40,439 INFO  [Log] Clicked on Google sigin link 
2016-03-16 15:57:34,251 INFO  [Log] Error occured on clicking login link 
2016-03-16 15:57:36,258 INFO  [Log] Screenshot captured for testTej_956 failed step 
2016-03-16 15:58:06,895 INFO  [Log] **************************************************************************************** 
2016-03-16 15:58:06,896 INFO  [Log] **************************************************************************************** 
2016-03-16 15:58:06,896 INFO  [Log] $$$$$$$$$$$$$$$$$$$$$                 Framework started       $$$$$$$$$$$$$$$$$$$$$$$$$ 
2016-03-16 15:58:06,896 INFO  [Log] **************************************************************************************** 
2016-03-16 15:58:06,896 INFO  [Log] **************************************************************************************** 
2016-03-16 15:58:21,234 INFO  [Log] Running testTEJ_890  
2016-03-16 15:58:23,555 INFO  [Log] Clicked on Login Link 
2016-03-16 15:58:33,447 INFO  [Log] Number of windows : 2 
2016-03-16 15:58:33,447 INFO  [Log] WindowHandle for new window : {8b77e124-ca7b-40b3-97d7-c24b88767d5b} 
2016-03-16 15:58:33,457 INFO  [Log] Clicked on Google sigin link 
2016-03-16 15:59:21,085 INFO  [Log] clicked on profile button 
2016-03-16 15:59:24,036 INFO  [Log] clicked on Logout button 
2016-03-16 15:59:32,192 INFO  [Log] Clicked on Login Link 
2016-03-16 15:59:48,614 INFO  [Log] Account Created 
2016-03-16 15:59:54,008 INFO  [Log] clicked on profile button 
2016-03-16 15:59:56,890 INFO  [Log] clicked on Logout button 
2016-03-16 15:59:58,921 INFO  [Log] XXXXXXXXXXXXXXXXXXXXXXX             -E---N---D-             XXXXXXXXXXXXXXXXXXXXXX 
2016-03-16 15:59:58,922 INFO  [Log] X 
2016-03-16 15:59:58,922 INFO  [Log] X 
2016-03-16 15:59:58,922 INFO  [Log] X 
2016-03-16 15:59:58,922 INFO  [Log] X 
